0 info it worked if it ends with ok
1 verbose cli [ '/usr/local/Cellar/node/0.8.11/bin/node',
1 verbose cli   '/usr/local/bin/npm',
1 verbose cli   'install',
1 verbose cli   'uuidjs' ]
2 info using npm@1.1.62
3 info using node@v0.8.11
4 verbose read json /Users/tim/Development/location_share/package.json
5 warn package.json location_share@0.0.1 No README.md file found!
6 verbose read json /Users/tim/Development/location_share/node_modules/cookies/package.json
7 verbose read json /Users/tim/Development/location_share/node_modules/express/package.json
8 verbose read json /Users/tim/Development/location_share/node_modules/jquery/package.json
9 verbose read json /Users/tim/Development/location_share/node_modules/less/package.json
10 verbose read json /Users/tim/Development/location_share/node_modules/node-inspector/package.json
11 verbose read json /Users/tim/Development/location_share/node_modules/socket.io/package.json
12 verbose read json /Users/tim/Development/location_share/node_modules/uglify-js/package.json
13 verbose read json /Users/tim/Development/location_share/node_modules/underscore/package.json
14 verbose from cache /Users/tim/Development/location_share/package.json
15 verbose readDependencies using package.json deps
16 verbose cache add [ 'uuidjs', null ]
17 silly cache add name=undefined spec="uuidjs" args=["uuidjs",null]
18 verbose parsed url { pathname: 'uuidjs', path: 'uuidjs', href: 'uuidjs' }
19 silly lockFile 47381e6a-uuidjs uuidjs
20 verbose lock uuidjs /Users/tim/.npm/47381e6a-uuidjs.lock
21 silly lockFile 47381e6a-uuidjs uuidjs
22 verbose addNamed [ 'uuidjs', '' ]
23 verbose addNamed [ null, '' ]
24 silly lockFile 9a6f5f45-uuidjs uuidjs@
25 verbose lock uuidjs@ /Users/tim/.npm/9a6f5f45-uuidjs.lock
26 silly addNameRange { name: 'uuidjs', range: '', hasData: false }
27 verbose url raw uuidjs
28 verbose url resolving [ 'https://registry.npmjs.org/', './uuidjs' ]
29 verbose url resolved https://registry.npmjs.org/uuidjs
30 info trying registry request attempt 1 at 11:31:35
31 http GET https://registry.npmjs.org/uuidjs
32 http 404 https://registry.npmjs.org/uuidjs
33 silly registry.get cb [ 404,
33 silly registry.get   { server: 'CouchDB/1.2.0 (Erlang OTP/R15B)',
33 silly registry.get     date: 'Fri, 07 Dec 2012 10:30:52 GMT',
33 silly registry.get     'content-type': 'application/json',
33 silly registry.get     'content-length': '52',
33 silly registry.get     'cache-control': 'must-revalidate' } ]
34 silly lockFile 9a6f5f45-uuidjs uuidjs@
35 error 404 'uuidjs' is not in the npm registry.
35 error 404 You should bug the author to publish it
35 error 404
35 error 404 Note that you can also install from a
35 error 404 tarball, folder, or http url, or git url.
36 error System Darwin 12.2.0
37 error command "/usr/local/Cellar/node/0.8.11/bin/node" "/usr/local/bin/npm" "install" "uuidjs"
38 error cwd /Users/tim/Development/location_share
39 error node -v v0.8.11
40 error npm -v 1.1.62
41 error code E404
42 verbose exit [ 1, true ]
